  
  -------------------------------------------------------
                        qgraf-3.1.4
  -------------------------------------------------------
  
 output = 'diagrams-0.hh';
 style = 'form.sty';
 model = 'model';
 in = part21[k1], part21[k2];
 out = part25[k3], part25[k4];
 loops=0;
 loop_momentum=p;
 options=onshell, notadpole, nosnail;
 true=iprop[part1,part2,part3,part4,part5,part23,part24,0,0];
 true=chord[part25,0,0];
 true=vsum[QCD,2,2];
 true=vsum[QED,2,2];
  
  =======================================================
   warning: model splits into disjoint components
  =======================================================
  
  
  =======================================================
   warning: model contains at least one non-interacting
            field
  =======================================================
  
  
  -------------------------------------------------------
  
   24P  ---  7+  17-  ---  5N+  2C+  17C-
  
   78V  ---  3^64  4^11  5^2  6^1
  
  -------------------------------------------------------
  
    -   4^1   -    -   ---  1 diagram 
   3^2   -    -    -   ---  1 diagram 
  
   total =  2 diagrams
  
