This is pdfTeX, Version 3.1415926-2.5-1.40.14 (TeX Live 2013/TeX Live for SUSE Linux) (format=latex 2018.9.12)  19 JUN 2019 11:47
entering extended mode
 restricted \write18 enabled.
 %&-line parsing enabled.
**process
(./process.tex
LaTeX2e <2011/06/27>
Babel <3.9f> and hyphenation patterns for 78 languages loaded.
(/usr/share/texmf/tex/latex/base/article.cls
Document Class: article 2007/10/19 v1.4h Standard LaTeX document class
(/usr/share/texmf/tex/latex/base/size10.clo
File: size10.clo 2007/10/19 v1.4h Standard LaTeX file (size option)
)
\c@part=\count79
\c@section=\count80
\c@subsection=\count81
\c@subsubsection=\count82
\c@paragraph=\count83
\c@subparagraph=\count84
\c@figure=\count85
\c@table=\count86
\abovecaptionskip=\skip41
\belowcaptionskip=\skip42
\bibindent=\dimen102
) (./axodraw.sty

! LaTeX Error: File `epsf.sty' not found.

Type X to quit or <RETURN> to proceed,
or enter new name. (Default extension: sty)

Enter file name: 
(/usr/share/texmf/tex/generic/dvips/colordvi.sty)
(/usr/share/texmf/tex/generic/dvips/rotate.tex
\rotdimen=\dimen103
))
(/usr/share/texmf/tex/latex/tools/longtable.sty
Package: longtable 2004/02/01 v4.11 Multi-page Table package (DPC)
\LTleft=\skip43
\LTright=\skip44
\LTpre=\skip45
\LTpost=\skip46
\LTchunksize=\count87
\LTcapwidth=\dimen104
\LT@head=\box26
\LT@firsthead=\box27
\LT@foot=\box28
\LT@lastfoot=\box29
\LT@cols=\count88
\LT@rows=\count89
\c@LT@tables=\count90
\c@LT@chunks=\count91
\LT@p@ftn=\toks14
)
(/usr/share/texmf/tex/latex/listings/listings.sty
(/usr/share/texmf/tex/latex/graphics/keyval.sty
Package: keyval 1999/03/16 v1.13 key=value parser (DPC)
\KV@toks@=\toks15
)
\lst@mode=\count92
\lst@gtempboxa=\box30
\lst@token=\toks16
\lst@length=\count93
\lst@currlwidth=\dimen105
\lst@column=\count94
\lst@pos=\count95
\lst@lostspace=\dimen106
\lst@width=\dimen107
\lst@newlines=\count96
\lst@lineno=\count97
\lst@maxwidth=\dimen108

(/usr/share/texmf/tex/latex/listings/lstmisc.sty
File: lstmisc.sty 2007/02/22 1.4 (Carsten Heinz)
\c@lstnumber=\count98
\lst@skipnumbers=\count99
\lst@framebox=\box31
)
(/usr/share/texmf/tex/latex/listings/listings.cfg
File: listings.cfg 2007/02/22 1.4 listings configuration
))
Package: listings 2007/02/22 1.4 (Carsten Heinz)

(/usr/share/texmf/tex/latex/amsmath/amsmath.sty
Package: amsmath 2013/01/14 v2.14 AMS math features
\@mathmargin=\skip47

For additional information on amsmath, use the `?' option.
(/usr/share/texmf/tex/latex/amsmath/amstext.sty
Package: amstext 2000/06/29 v2.01

(/usr/share/texmf/tex/latex/amsmath/amsgen.sty
File: amsgen.sty 1999/11/30 v2.0
\@emptytoks=\toks17
\ex@=\dimen109
))
(/usr/share/texmf/tex/latex/amsmath/amsbsy.sty
Package: amsbsy 1999/11/29 v1.2d
\pmbraise@=\dimen110
)
(/usr/share/texmf/tex/latex/amsmath/amsopn.sty
Package: amsopn 1999/12/14 v2.01 operator names
)
\inf@bad=\count100
LaTeX Info: Redefining \frac on input line 210.
\uproot@=\count101
\leftroot@=\count102
LaTeX Info: Redefining \overline on input line 306.
\classnum@=\count103
\DOTSCASE@=\count104
LaTeX Info: Redefining \ldots on input line 378.
LaTeX Info: Redefining \dots on input line 381.
LaTeX Info: Redefining \cdots on input line 466.
\Mathstrutbox@=\box32
\strutbox@=\box33
\big@size=\dimen111
LaTeX Font Info:    Redeclaring font encoding OML on input line 566.
LaTeX Font Info:    Redeclaring font encoding OMS on input line 567.
\macc@depth=\count105
\c@MaxMatrixCols=\count106
\dotsspace@=\muskip10
\c@parentequation=\count107
\dspbrk@lvl=\count108
\tag@help=\toks18
\row@=\count109
\column@=\count110
\maxfields@=\count111
\andhelp@=\toks19
\eqnshift@=\dimen112
\alignsep@=\dimen113
\tagshift@=\dimen114
\tagwidth@=\dimen115
\totwidth@=\dimen116
\lineht@=\dimen117
\@envbody=\toks20
\multlinegap=\skip48
\multlinetaggap=\skip49
\mathdisplay@stack=\toks21
LaTeX Info: Redefining \[ on input line 2665.
LaTeX Info: Redefining \] on input line 2666.
)
(/usr/share/texmf/tex/latex/base/makeidx.sty
Package: makeidx 2000/03/29 v1.0m Standard LaTeX package
)
(/usr/share/texmf/tex/latex/hyperref/hyperref.sty
Package: hyperref 2012/11/06 v6.83m Hypertext links for LaTeX

(/usr/share/texmf/tex/generic/oberdiek/hobsub-hyperref.sty
Package: hobsub-hyperref 2012/05/28 v1.13 Bundle oberdiek, subset hyperref (HO)


(/usr/share/texmf/tex/generic/oberdiek/hobsub-generic.sty
Package: hobsub-generic 2012/05/28 v1.13 Bundle oberdiek, subset generic (HO)
Package: hobsub 2012/05/28 v1.13 Construct package bundles (HO)
Package: infwarerr 2010/04/08 v1.3 Providing info/warning/error messages (HO)
Package: ltxcmds 2011/11/09 v1.22 LaTeX kernel commands for general use (HO)
Package: ifluatex 2010/03/01 v1.3 Provides the ifluatex switch (HO)
Package ifluatex Info: LuaTeX not detected.
Package: ifvtex 2010/03/01 v1.5 Detect VTeX and its facilities (HO)
Package ifvtex Info: VTeX not detected.
Package: intcalc 2007/09/27 v1.1 Expandable calculations with integers (HO)
Package: ifpdf 2011/01/30 v2.3 Provides the ifpdf switch (HO)
Package ifpdf Info: pdfTeX in PDF mode is not detected.
Package: etexcmds 2011/02/16 v1.5 Avoid name clashes with e-TeX commands (HO)
Package etexcmds Info: Could not find \expanded.
(etexcmds)             That can mean that you are not using pdfTeX 1.50 or
(etexcmds)             that some package has redefined \expanded.
(etexcmds)             In the latter case, load this package earlier.
Package: kvsetkeys 2012/04/25 v1.16 Key value parser (HO)
Package: kvdefinekeys 2011/04/07 v1.3 Define keys (HO)
Package: pdftexcmds 2011/11/29 v0.20 Utility functions of pdfTeX for LuaTeX (HO
)
Package pdftexcmds Info: LuaTeX not detected.
Package pdftexcmds Info: \pdf@primitive is available.
Package pdftexcmds Info: \pdf@ifprimitive is available.
Package pdftexcmds Info: \pdfdraftmode is ignored in DVI mode.
Package: pdfescape 2011/11/25 v1.13 Implements pdfTeX's escape features (HO)
Package: bigintcalc 2012/04/08 v1.3 Expandable calculations on big integers (HO
)
Package: bitset 2011/01/30 v1.1 Handle bit-vector datatype (HO)
Package: uniquecounter 2011/01/30 v1.2 Provide unlimited unique counter (HO)
)
Package hobsub Info: Skipping package `hobsub' (already loaded).
Package: letltxmacro 2010/09/02 v1.4 Let assignment for LaTeX macros (HO)
Package: hopatch 2012/05/28 v1.2 Wrapper for package hooks (HO)
Package: xcolor-patch 2011/01/30 xcolor patch
Package: atveryend 2011/06/30 v1.8 Hooks at the very end of document (HO)
Package atveryend Info: \enddocument detected (standard20110627).
Package: atbegshi 2011/10/05 v1.16 At begin shipout hook (HO)
Package: refcount 2011/10/16 v3.4 Data extraction from label references (HO)
Package: hycolor 2011/01/30 v1.7 Color options for hyperref/bookmark (HO)
)
(/usr/share/texmf/tex/generic/ifxetex/ifxetex.sty
Package: ifxetex 2010/09/12 v0.6 Provides ifxetex conditional
)
(/usr/share/texmf/tex/latex/oberdiek/auxhook.sty
Package: auxhook 2011/03/04 v1.3 Hooks for auxiliary files (HO)
)
(/usr/share/texmf/tex/latex/oberdiek/kvoptions.sty
Package: kvoptions 2011/06/30 v3.11 Key value format for package options (HO)
)
\@linkdim=\dimen118
\Hy@linkcounter=\count112
\Hy@pagecounter=\count113

(/usr/share/texmf/tex/latex/hyperref/pd1enc.def
File: pd1enc.def 2012/11/06 v6.83m Hyperref: PDFDocEncoding definition (HO)
)
\Hy@SavedSpaceFactor=\count114

(/usr/share/texmf/tex/latex/latexconfig/hyperref.cfg
File: hyperref.cfg 2002/06/06 v1.2 hyperref configuration of TeXLive
)
Package hyperref Info: Hyper figures OFF on input line 4443.
Package hyperref Info: Link nesting OFF on input line 4448.
Package hyperref Info: Hyper index ON on input line 4451.
Package hyperref Info: Plain pages OFF on input line 4458.
Package hyperref Info: Backreferencing OFF on input line 4463.
Package hyperref Info: Implicit mode ON; LaTeX internals redefined.
Package hyperref Info: Bookmarks ON on input line 4688.
\c@Hy@tempcnt=\count115

(/usr/share/texmf/tex/latex/url/url.sty
\Urlmuskip=\muskip11
Package: url 2006/04/12  ver 3.3  Verb mode for urls, etc.
)
LaTeX Info: Redefining \url on input line 5041.
\XeTeXLinkMargin=\dimen119
\Fld@menulength=\count116
\Field@Width=\dimen120
\Fld@charsize=\dimen121
Package hyperref Info: Hyper figures OFF on input line 6295.
Package hyperref Info: Link nesting OFF on input line 6300.
Package hyperref Info: Hyper index ON on input line 6303.
Package hyperref Info: backreferencing OFF on input line 6310.
Package hyperref Info: Link coloring OFF on input line 6315.
Package hyperref Info: Link coloring with OCG OFF on input line 6320.
Package hyperref Info: PDF/A mode OFF on input line 6325.
LaTeX Info: Redefining \ref on input line 6365.
LaTeX Info: Redefining \pageref on input line 6369.
\Hy@abspage=\count117
\c@Item=\count118
\c@Hfootnote=\count119
)

Package hyperref Message: Driver (default): hdvips.

(/usr/share/texmf/tex/latex/hyperref/hdvips.def
File: hdvips.def 2012/11/06 v6.83m Hyperref driver for dvips

(/usr/share/texmf/tex/latex/hyperref/pdfmark.def
File: pdfmark.def 2012/11/06 v6.83m Hyperref definitions for pdfmark specials
\pdf@docset=\toks22
\pdf@box=\box34
\pdf@toks=\toks23
\pdf@defaulttoks=\toks24
\HyField@AnnotCount=\count120
\Fld@listcount=\count121
\c@bookmark@seq@number=\count122

(/usr/share/texmf/tex/latex/oberdiek/rerunfilecheck.sty
Package: rerunfilecheck 2011/04/15 v1.7 Rerun checks for auxiliary files (HO)
Package uniquecounter Info: New unique counter `rerunfilecheck' on input line 2
82.
)
\Hy@SectionHShift=\skip50
))
\@indexfile=\write3
\openout3 = `process.idx'.


Writing index file process.idx
(./process.aux)
\openout1 = `process.aux'.

LaTeX Font Info:    Checking defaults for OML/cmm/m/it on input line 27.
LaTeX Font Info:    ... okay on input line 27.
LaTeX Font Info:    Checking defaults for T1/cmr/m/n on input line 27.
LaTeX Font Info:    ... okay on input line 27.
LaTeX Font Info:    Checking defaults for OT1/cmr/m/n on input line 27.
LaTeX Font Info:    ... okay on input line 27.
LaTeX Font Info:    Checking defaults for OMS/cmsy/m/n on input line 27.
LaTeX Font Info:    ... okay on input line 27.
LaTeX Font Info:    Checking defaults for OMX/cmex/m/n on input line 27.
LaTeX Font Info:    ... okay on input line 27.
LaTeX Font Info:    Checking defaults for U/cmr/m/n on input line 27.
LaTeX Font Info:    ... okay on input line 27.
LaTeX Font Info:    Checking defaults for PD1/pdf/m/n on input line 27.
LaTeX Font Info:    ... okay on input line 27.
\c@lstlisting=\count123
\AtBeginShipoutBox=\box35
Package hyperref Info: Link coloring OFF on input line 27.
 (/usr/share/texmf/tex/latex/hyperref/nameref.sty
Package: nameref 2012/10/27 v2.43 Cross-referencing by name of section

(/usr/share/texmf/tex/generic/oberdiek/gettitlestring.sty
Package: gettitlestring 2010/12/03 v1.4 Cleanup title references (HO)
)
\c@section@level=\count124
)
LaTeX Info: Redefining \ref on input line 27.
LaTeX Info: Redefining \pageref on input line 27.
LaTeX Info: Redefining \nameref on input line 27.
 (./process.out)
(./process.out)
\@outlinefile=\write4
\openout4 = `process.out'.

 [1

] (./process.toc)
\tf@toc=\write5
\openout5 = `process.toc'.

 [2]
LaTeX Font Info:    Try loading font information for OMS+cmr on input line 63.

(/usr/share/texmf/tex/latex/base/omscmr.fd
File: omscmr.fd 1999/05/25 v2.5h Standard LaTeX font definitions
)
LaTeX Font Info:    Font shape `OMS/cmr/m/n' in size <10> not available
(Font)              Font shape `OMS/cmsy/m/n' tried instead on input line 63.
 (../diagrams-0.log [3]) [4]
(../diagrams-1.log [5])
Overfull \hbox (7.88954pt too wide) in paragraph at lines 162--164
[]\OT1/cmr/m/n/10 Loop di-a-grams are grouped into sets of di-a-grams which sha
re loop-propagators.
 []

[6]
Overfull \hbox (2.8312pt too wide) in alignment at lines 247--248
 [] [] 
 []


Overfull \hbox (2.8312pt too wide) in alignment at lines 248--249
 [] [] 
 []


Overfull \hbox (2.8312pt too wide) in alignment at lines 249--320
 [] [] 
 []

[7]
Overfull \hbox (2.8312pt too wide) in alignment at lines 371--372
 [] [] 
 []


Overfull \hbox (2.8312pt too wide) in alignment at lines 372--373
 [] [] 
 []


Overfull \hbox (2.8312pt too wide) in alignment at lines 373--582
 [] [] 
 []

[8]
Overfull \hbox (2.8312pt too wide) in alignment at lines 633--634
 [] [] 
 []


Overfull \hbox (2.8312pt too wide) in alignment at lines 634--635
 [] [] 
 []


Overfull \hbox (2.8312pt too wide) in alignment at lines 635--706
 [] [] 
 []

[9]
No file process.ind.
[10]
Underfull \hbox (badness 3250) in paragraph at lines 776--782
[]\OT1/cmr/m/n/10 J. Kuipers, T. Ueda, J. A. M. Ver-maseren and J. Vollinga,
 []


Underfull \hbox (badness 3323) in paragraph at lines 783--788
[]\OT1/cmr/m/n/10 J. A. M. Ver-maseren, ``New fea-tures of FORM,'' arXiv:math-
 []


Underfull \hbox (badness 1584) in paragraph at lines 803--810
[]\OT1/cmr/m/n/10 P. Mas-tro-lia, E. Mirabella and T. Per-aro, ``In-te-grand re
-duc-tion
 []


Underfull \hbox (badness 2088) in paragraph at lines 803--810
\OT1/cmr/m/n/10 of one-loop scat-ter-ing am-pli-tudes through Lau-rent se-ries 
ex-pan-
 []


Underfull \hbox (badness 2005) in paragraph at lines 803--810
\OT1/cmr/m/n/10 sion,'' JHEP \OT1/cmr/bx/n/10 1206 \OT1/cmr/m/n/10 (2012) 095 [
Erratum-ibid. \OT1/cmr/bx/n/10 1211 \OT1/cmr/m/n/10 (2012) 128]
 []


Underfull \hbox (badness 1383) in paragraph at lines 854--858
\OT1/cmr/m/n/10 con-struc-tion at the In-te-grand Level,'' JHEP \OT1/cmr/bx/n/1
0 1010  \OT1/cmr/m/n/10 (2010) 105.
 []

Package atveryend Info: Empty hook `BeforeClearDocument' on input line 859.
[11]
Package atveryend Info: Empty hook `AfterLastShipout' on input line 859.
 (./process.aux)
Package atveryend Info: Empty hook `AtVeryEndDocument' on input line 859.
Package atveryend Info: Executing hook `AtEndAfterFileList' on input line 859.
Package rerunfilecheck Info: File `process.out' has not changed.
(rerunfilecheck)             Checksum: 87F5F57BA2799B40675555EB533B16DF;714.
Package atveryend Info: Empty hook `AtVeryVeryEnd' on input line 859.
 ) 
Here is how much of TeX's memory you used:
 6458 strings out of 493316
 91954 string characters out of 6145919
 243582 words of memory out of 5000000
 9860 multiletter control sequences out of 15000+600000
 12142 words of font info for 45 fonts, out of 8000000 for 9000
 957 hyphenation exceptions out of 8191
 34i,12n,32p,219b,1630s stack positions out of 5000i,500n,10000p,200000b,80000s

Output written on process.dvi (11 pages, 105284 bytes).
