  
  -------------------------------------------------------
                        qgraf-3.1.4
  -------------------------------------------------------
  
 output = 'diagrams-1.hh';
 style = 'form.sty';
 model = 'model';
 in = part21[k1], part21[k2];
 out = part25[k3], part25[k4];
 loops=1;
 loop_momentum=p;
 options=onshell, notadpole, nosnail;
 true=chord[part5,part25,0,0];
 true=vsum[QL,0,0];
  
  =======================================================
   warning: model splits into disjoint components
  =======================================================
  
  
  =======================================================
   warning: model contains at least one non-interacting
            field
  =======================================================
  
  
  -------------------------------------------------------
  
   24P  ---  7+  17-  ---  5N+  2C+  17C-
  
   78V  ---  3^64  4^11  5^2  6^1
  
  -------------------------------------------------------
  
    -    -    -   6^1  ---  0 diagrams
   3^1   -   5^1   -   ---  0 diagrams
    -   4^2   -    -   ---  0 diagrams
   3^2  4^1   -    -   ---  3 diagrams
   3^4   -    -    -   ---  11 diagrams
  
   total =  14 diagrams
  
