  
  -------------------------------------------------------
                        qgraf-3.1.4
  -------------------------------------------------------
  
 output = 'diagrams-1.hh';
 style = 'form.sty';
 model = 'model';
 in = part21[k1], part21[k2];
 out = part21[k3], part25[k4], part25[k5];
 loops=1;
 loop_momentum=p;
 options=onshell, notadpole, nosnail;
 true=chord[part5,part25,part23,part24,0,0];
 true=vsum[QCD,3,3];
  
  =======================================================
   warning: model splits into disjoint components
  =======================================================
  
  
  =======================================================
   warning: model contains at least one non-interacting
            field
  =======================================================
  
  
  -------------------------------------------------------
  
   24P  ---  7+  17-  ---  5N+  2C+  17C-
  
   78V  ---  3^64  4^11  5^2  6^1
  
  -------------------------------------------------------
  
   3^1   -    -   6^1  ---  0 diagrams
    -   4^1  5^1   -   ---  0 diagrams
   3^2   -   5^1   -   ---  0 diagrams
   3^1  4^2   -    -   ---  10 diagrams
   3^3  4^1   -    -   ---  74 diagrams
   3^5   -    -    -   ---  123 diagrams
  
   total =  207 diagrams
  
